<?xml version="1.0" encoding="UTF-8"?>
<!-- Generated by org.testng.reporters.JUnitXMLReporter -->
<testsuite ignored="0" hostname="LAPTOP-V4RRGFTI" failures="0" tests="28" name="Test" time="774.309" errors="0" timestamp="2023-03-24T18:10:03 IST">
  <testcase classname="MyMavenProject.BruteForceTesting" name="Launch_Test" time="12.549"/>
  <testcase classname="MyMavenProject.BruteForceTesting" name="Frame_Test" time="27.199"/>
  <testcase classname="MyMavenProject.BruteForceTesting" name="TB1_Test" time="22.771"/>
  <testcase classname="MyMavenProject.BruteForceTesting" name="TB2_Test" time="24.639"/>
  <testcase classname="MyMavenProject.BruteForceTesting" name="TB3_Test" time="24.749"/>
  <testcase classname="MyMavenProject.BruteForceTesting" name="TB4_Test" time="24.737"/>
  <testcase classname="MyMavenProject.BruteForceTesting" name="TB5_Test" time="23.789"/>
  <testcase classname="MyMavenProject.BruteForceTesting" name="TB6_Test" time="24.929"/>
  <testcase classname="MyMavenProject.BruteForceTesting" name="TB7_Test" time="23.748"/>
  <testcase classname="MyMavenProject.BruteForceTesting" name="TB8_Test" time="23.676"/>
  <testcase classname="MyMavenProject.BruteForceTesting" name="TB9_Test" time="27.976"/>
  <testcase classname="MyMavenProject.BruteForceTesting" name="TB10_Test" time="28.306"/>
  <testcase classname="MyMavenProject.BruteForceTesting" name="TB11_Test" time="23.992"/>
  <testcase classname="MyMavenProject.BruteForceTesting" name="TB12_Test" time="30.86"/>
  <testcase classname="MyMavenProject.BruteForceTesting" name="TB13_Test" time="24.626"/>
  <testcase classname="MyMavenProject.BruteForceTesting" name="Integrate_Test1" time="24.808"/>
  <testcase classname="MyMavenProject.BruteForceTesting" name="Integrate_Test2" time="29.881"/>
  <testcase classname="MyMavenProject.BruteForceTesting" name="Integrate_Test3" time="25.822"/>
  <testcase classname="MyMavenProject.BruteForceTesting" name="Integrate_Test4" time="31.958"/>
  <testcase classname="MyMavenProject.BruteForceTesting" name="Integrate_Test5" time="28.262"/>
  <testcase classname="MyMavenProject.BruteForceTesting" name="Integrate_Test6" time="28.886"/>
  <testcase classname="MyMavenProject.BruteForceTesting" name="Integrate_Test7" time="29.548"/>
  <testcase classname="MyMavenProject.BruteForceTesting" name="Integrate_Test8" time="33.923"/>
  <testcase classname="MyMavenProject.BruteForceTesting" name="Integrate_Test9" time="31.318"/>
  <testcase classname="MyMavenProject.BruteForceTesting" name="Integrate_Test10" time="32.214"/>
  <testcase classname="MyMavenProject.BruteForceTesting" name="Integrate_Test11" time="36.496"/>
  <testcase classname="MyMavenProject.BruteForceTesting" name="Integrate_Test12" time="35.179"/>
  <testcase classname="MyMavenProject.BruteForceTesting" name="Final_Test" time="37.349"/>
</testsuite> <!-- Test -->
