<?xml version="1.0" encoding="UTF-8"?>
<!-- Generated by org.testng.reporters.JUnitXMLReporter -->
<testsuite ignored="27" hostname="LAPTOP-V4RRGFTI" failures="0" tests="1" name="Default test" time="40.299" errors="0" timestamp="2023-03-24T11:15:01 IST">
  <testcase classname="MyMavenProject.BruteForceTesting" name="TB3_Test" time="40.246"/>
  <testcase classname="MyMavenProject.BruteForceTesting" name="Integrate_Test7" time="0.0">
    <ignored/>
  </testcase> <!-- Integrate_Test7 -->
  <testcase classname="MyMavenProject.BruteForceTesting" name="Integrate_Test5" time="0.0">
    <ignored/>
  </testcase> <!-- Integrate_Test5 -->
  <testcase classname="MyMavenProject.BruteForceTesting" name="TB12_Test" time="0.0">
    <ignored/>
  </testcase> <!-- TB12_Test -->
  <testcase classname="MyMavenProject.BruteForceTesting" name="Integrate_Test10" time="0.0">
    <ignored/>
  </testcase> <!-- Integrate_Test10 -->
  <testcase classname="MyMavenProject.BruteForceTesting" name="Frame_Test" time="0.0">
    <ignored/>
  </testcase> <!-- Frame_Test -->
  <testcase classname="MyMavenProject.BruteForceTesting" name="Final_Test" time="0.0">
    <ignored/>
  </testcase> <!-- Final_Test -->
  <testcase classname="MyMavenProject.BruteForceTesting" name="Integrate_Test3" time="0.0">
    <ignored/>
  </testcase> <!-- Integrate_Test3 -->
  <testcase classname="MyMavenProject.BruteForceTesting" name="TB2_Test" time="0.0">
    <ignored/>
  </testcase> <!-- TB2_Test -->
  <testcase classname="MyMavenProject.BruteForceTesting" name="Integrate_Test1" time="0.0">
    <ignored/>
  </testcase> <!-- Integrate_Test1 -->
  <testcase classname="MyMavenProject.BruteForceTesting" name="TB4_Test" time="0.0">
    <ignored/>
  </testcase> <!-- TB4_Test -->
  <testcase classname="MyMavenProject.BruteForceTesting" name="TB9_Test" time="0.0">
    <ignored/>
  </testcase> <!-- TB9_Test -->
  <testcase classname="MyMavenProject.BruteForceTesting" name="Integrate_Test9" time="0.0">
    <ignored/>
  </testcase> <!-- Integrate_Test9 -->
  <testcase classname="MyMavenProject.BruteForceTesting" name="TB11_Test" time="0.0">
    <ignored/>
  </testcase> <!-- TB11_Test -->
  <testcase classname="MyMavenProject.BruteForceTesting" name="Integrate_Test12" time="0.0">
    <ignored/>
  </testcase> <!-- Integrate_Test12 -->
  <testcase classname="MyMavenProject.BruteForceTesting" name="TB1_Test" time="0.0">
    <ignored/>
  </testcase> <!-- TB1_Test -->
  <testcase classname="MyMavenProject.BruteForceTesting" name="Integrate_Test6" time="0.0">
    <ignored/>
  </testcase> <!-- Integrate_Test6 -->
  <testcase classname="MyMavenProject.BruteForceTesting" name="Integrate_Test4" time="0.0">
    <ignored/>
  </testcase> <!-- Integrate_Test4 -->
  <testcase classname="MyMavenProject.BruteForceTesting" name="TB5_Test" time="0.0">
    <ignored/>
  </testcase> <!-- TB5_Test -->
  <testcase classname="MyMavenProject.BruteForceTesting" name="TB10_Test" time="0.0">
    <ignored/>
  </testcase> <!-- TB10_Test -->
  <testcase classname="MyMavenProject.BruteForceTesting" name="Integrate_Test2" time="0.0">
    <ignored/>
  </testcase> <!-- Integrate_Test2 -->
  <testcase classname="MyMavenProject.BruteForceTesting" name="TB6_Test" time="0.0">
    <ignored/>
  </testcase> <!-- TB6_Test -->
  <testcase classname="MyMavenProject.BruteForceTesting" name="Integrate_Test8" time="0.0">
    <ignored/>
  </testcase> <!-- Integrate_Test8 -->
  <testcase classname="MyMavenProject.BruteForceTesting" name="TB13_Test" time="0.0">
    <ignored/>
  </testcase> <!-- TB13_Test -->
  <testcase classname="MyMavenProject.BruteForceTesting" name="TB8_Test" time="0.0">
    <ignored/>
  </testcase> <!-- TB8_Test -->
  <testcase classname="MyMavenProject.BruteForceTesting" name="Launch_Test" time="0.0">
    <ignored/>
  </testcase> <!-- Launch_Test -->
  <testcase classname="MyMavenProject.BruteForceTesting" name="Integrate_Test11" time="0.0">
    <ignored/>
  </testcase> <!-- Integrate_Test11 -->
  <testcase classname="MyMavenProject.BruteForceTesting" name="TB7_Test" time="0.0">
    <ignored/>
  </testcase> <!-- TB7_Test -->
</testsuite> <!-- Default test -->
