<?xml version="1.0" encoding="UTF-8"?>
<testng-results ignored="0" total="28" passed="28" failed="0" skipped="0">
  <reporter-output>
  </reporter-output>
  <suite started-at="2023-03-24T17:57:08 IST" name="Suite" finished-at="2023-03-24T18:10:02 IST" duration-ms="774309">
    <groups>
    </groups>
    <test started-at="2023-03-24T17:57:08 IST" name="Test" finished-at="2023-03-24T18:10:02 IST" duration-ms="774309">
      <class name="MyMavenProject.BruteForceTesting">
        <test-method signature="Launch_Test()[pri:1, instance:MyMavenProject.BruteForceTesting@764faa6]" started-at="2023-03-24T17:57:08 IST" name="Launch_Test" finished-at="2023-03-24T17:57:21 IST" duration-ms="12549" status="PASS">
          <reporter-output>
          </reporter-output>
        </test-method> <!-- Launch_Test -->
        <test-method signature="Frame_Test()[pri:2, instance:MyMavenProject.BruteForceTesting@764faa6]" started-at="2023-03-24T17:57:21 IST" name="Frame_Test" finished-at="2023-03-24T17:57:48 IST" duration-ms="27199" status="PASS">
          <reporter-output>
          </reporter-output>
        </test-method> <!-- Frame_Test -->
        <test-method signature="TB1_Test()[pri:3, instance:MyMavenProject.BruteForceTesting@764faa6]" started-at="2023-03-24T17:57:48 IST" name="TB1_Test" finished-at="2023-03-24T17:58:11 IST" duration-ms="22771" status="PASS">
          <reporter-output>
          </reporter-output>
        </test-method> <!-- TB1_Test -->
        <test-method signature="TB2_Test()[pri:4, instance:MyMavenProject.BruteForceTesting@764faa6]" started-at="2023-03-24T17:58:11 IST" name="TB2_Test" finished-at="2023-03-24T17:58:35 IST" duration-ms="24639" status="PASS">
          <reporter-output>
          </reporter-output>
        </test-method> <!-- TB2_Test -->
        <test-method signature="TB3_Test()[pri:5, instance:MyMavenProject.BruteForceTesting@764faa6]" started-at="2023-03-24T17:58:35 IST" name="TB3_Test" finished-at="2023-03-24T17:59:00 IST" duration-ms="24749" status="PASS">
          <reporter-output>
          </reporter-output>
        </test-method> <!-- TB3_Test -->
        <test-method signature="TB4_Test()[pri:6, instance:MyMavenProject.BruteForceTesting@764faa6]" started-at="2023-03-24T17:59:00 IST" name="TB4_Test" finished-at="2023-03-24T17:59:25 IST" duration-ms="24737" status="PASS">
          <reporter-output>
          </reporter-output>
        </test-method> <!-- TB4_Test -->
        <test-method signature="TB5_Test()[pri:7, instance:MyMavenProject.BruteForceTesting@764faa6]" started-at="2023-03-24T17:59:25 IST" name="TB5_Test" finished-at="2023-03-24T17:59:49 IST" duration-ms="23789" status="PASS">
          <reporter-output>
          </reporter-output>
        </test-method> <!-- TB5_Test -->
        <test-method signature="TB6_Test()[pri:8, instance:MyMavenProject.BruteForceTesting@764faa6]" started-at="2023-03-24T17:59:49 IST" name="TB6_Test" finished-at="2023-03-24T18:00:13 IST" duration-ms="24929" status="PASS">
          <reporter-output>
          </reporter-output>
        </test-method> <!-- TB6_Test -->
        <test-method signature="TB7_Test()[pri:9, instance:MyMavenProject.BruteForceTesting@764faa6]" started-at="2023-03-24T18:00:13 IST" name="TB7_Test" finished-at="2023-03-24T18:00:37 IST" duration-ms="23748" status="PASS">
          <reporter-output>
          </reporter-output>
        </test-method> <!-- TB7_Test -->
        <test-method signature="TB8_Test()[pri:10, instance:MyMavenProject.BruteForceTesting@764faa6]" started-at="2023-03-24T18:00:37 IST" name="TB8_Test" finished-at="2023-03-24T18:01:01 IST" duration-ms="23676" status="PASS">
          <reporter-output>
          </reporter-output>
        </test-method> <!-- TB8_Test -->
        <test-method signature="TB9_Test()[pri:11, instance:MyMavenProject.BruteForceTesting@764faa6]" started-at="2023-03-24T18:01:01 IST" name="TB9_Test" finished-at="2023-03-24T18:01:29 IST" duration-ms="27976" status="PASS">
          <reporter-output>
          </reporter-output>
        </test-method> <!-- TB9_Test -->
        <test-method signature="TB10_Test()[pri:12, instance:MyMavenProject.BruteForceTesting@764faa6]" started-at="2023-03-24T18:01:29 IST" name="TB10_Test" finished-at="2023-03-24T18:01:57 IST" duration-ms="28306" status="PASS">
          <reporter-output>
          </reporter-output>
        </test-method> <!-- TB10_Test -->
        <test-method signature="TB11_Test()[pri:13, instance:MyMavenProject.BruteForceTesting@764faa6]" started-at="2023-03-24T18:01:57 IST" name="TB11_Test" finished-at="2023-03-24T18:02:21 IST" duration-ms="23992" status="PASS">
          <reporter-output>
          </reporter-output>
        </test-method> <!-- TB11_Test -->
        <test-method signature="TB12_Test()[pri:14, instance:MyMavenProject.BruteForceTesting@764faa6]" started-at="2023-03-24T18:02:21 IST" name="TB12_Test" finished-at="2023-03-24T18:02:52 IST" duration-ms="30860" status="PASS">
          <reporter-output>
          </reporter-output>
        </test-method> <!-- TB12_Test -->
        <test-method signature="TB13_Test()[pri:15, instance:MyMavenProject.BruteForceTesting@764faa6]" started-at="2023-03-24T18:02:52 IST" name="TB13_Test" finished-at="2023-03-24T18:03:17 IST" duration-ms="24626" status="PASS">
          <reporter-output>
          </reporter-output>
        </test-method> <!-- TB13_Test -->
        <test-method signature="Integrate_Test1()[pri:16, instance:MyMavenProject.BruteForceTesting@764faa6]" started-at="2023-03-24T18:03:17 IST" name="Integrate_Test1" finished-at="2023-03-24T18:03:41 IST" duration-ms="24808" status="PASS">
          <reporter-output>
          </reporter-output>
        </test-method> <!-- Integrate_Test1 -->
        <test-method signature="Integrate_Test2()[pri:17, instance:MyMavenProject.BruteForceTesting@764faa6]" started-at="2023-03-24T18:03:42 IST" name="Integrate_Test2" finished-at="2023-03-24T18:04:11 IST" duration-ms="29881" status="PASS">
          <reporter-output>
          </reporter-output>
        </test-method> <!-- Integrate_Test2 -->
        <test-method signature="Integrate_Test3()[pri:18, instance:MyMavenProject.BruteForceTesting@764faa6]" started-at="2023-03-24T18:04:11 IST" name="Integrate_Test3" finished-at="2023-03-24T18:04:37 IST" duration-ms="25822" status="PASS">
          <reporter-output>
          </reporter-output>
        </test-method> <!-- Integrate_Test3 -->
        <test-method signature="Integrate_Test4()[pri:19, instance:MyMavenProject.BruteForceTesting@764faa6]" started-at="2023-03-24T18:04:37 IST" name="Integrate_Test4" finished-at="2023-03-24T18:05:09 IST" duration-ms="31958" status="PASS">
          <reporter-output>
          </reporter-output>
        </test-method> <!-- Integrate_Test4 -->
        <test-method signature="Integrate_Test5()[pri:20, instance:MyMavenProject.BruteForceTesting@764faa6]" started-at="2023-03-24T18:05:09 IST" name="Integrate_Test5" finished-at="2023-03-24T18:05:37 IST" duration-ms="28262" status="PASS">
          <reporter-output>
          </reporter-output>
        </test-method> <!-- Integrate_Test5 -->
        <test-method signature="Integrate_Test6()[pri:21, instance:MyMavenProject.BruteForceTesting@764faa6]" started-at="2023-03-24T18:05:37 IST" name="Integrate_Test6" finished-at="2023-03-24T18:06:06 IST" duration-ms="28886" status="PASS">
          <reporter-output>
          </reporter-output>
        </test-method> <!-- Integrate_Test6 -->
        <test-method signature="Integrate_Test7()[pri:22, instance:MyMavenProject.BruteForceTesting@764faa6]" started-at="2023-03-24T18:06:06 IST" name="Integrate_Test7" finished-at="2023-03-24T18:06:36 IST" duration-ms="29548" status="PASS">
          <reporter-output>
          </reporter-output>
        </test-method> <!-- Integrate_Test7 -->
        <test-method signature="Integrate_Test8()[pri:23, instance:MyMavenProject.BruteForceTesting@764faa6]" started-at="2023-03-24T18:06:36 IST" name="Integrate_Test8" finished-at="2023-03-24T18:07:10 IST" duration-ms="33923" status="PASS">
          <reporter-output>
          </reporter-output>
        </test-method> <!-- Integrate_Test8 -->
        <test-method signature="Integrate_Test9()[pri:24, instance:MyMavenProject.BruteForceTesting@764faa6]" started-at="2023-03-24T18:07:10 IST" name="Integrate_Test9" finished-at="2023-03-24T18:07:41 IST" duration-ms="31318" status="PASS">
          <reporter-output>
          </reporter-output>
        </test-method> <!-- Integrate_Test9 -->
        <test-method signature="Integrate_Test10()[pri:25, instance:MyMavenProject.BruteForceTesting@764faa6]" started-at="2023-03-24T18:07:41 IST" name="Integrate_Test10" finished-at="2023-03-24T18:08:13 IST" duration-ms="32214" status="PASS">
          <reporter-output>
          </reporter-output>
        </test-method> <!-- Integrate_Test10 -->
        <test-method signature="Integrate_Test11()[pri:26, instance:MyMavenProject.BruteForceTesting@764faa6]" started-at="2023-03-24T18:08:13 IST" name="Integrate_Test11" finished-at="2023-03-24T18:08:50 IST" duration-ms="36496" status="PASS">
          <reporter-output>
          </reporter-output>
        </test-method> <!-- Integrate_Test11 -->
        <test-method signature="Integrate_Test12()[pri:27, instance:MyMavenProject.BruteForceTesting@764faa6]" started-at="2023-03-24T18:08:50 IST" name="Integrate_Test12" finished-at="2023-03-24T18:09:25 IST" duration-ms="35179" status="PASS">
          <reporter-output>
          </reporter-output>
        </test-method> <!-- Integrate_Test12 -->
        <test-method signature="Final_Test()[pri:28, instance:MyMavenProject.BruteForceTesting@764faa6]" started-at="2023-03-24T18:09:25 IST" name="Final_Test" finished-at="2023-03-24T18:10:02 IST" duration-ms="37349" status="PASS">
          <reporter-output>
          </reporter-output>
        </test-method> <!-- Final_Test -->
      </class> <!-- MyMavenProject.BruteForceTesting -->
    </test> <!-- Test -->
  </suite> <!-- Suite -->
</testng-results>
